02 Apr 2024 16:01:22,094 TRACE org.example.implementations.UserDBRepository 22 <init> - Enter Initializing UserRepository with properties: {jdbc.url=jdbc:sqlite:database.sqlite}
02 Apr 2024 16:01:22,097 TRACE org.example.implementations.ChildDBRepository 19 <init> - Enter Initializing ChildDBRepository with properties: {jdbc.url=jdbc:sqlite:database.sqlite} 
02 Apr 2024 16:01:22,098 INFO  org.example.implementations.CompetitionDBRepository 24 <init> - Initializing CarsDBRepository with properties: {jdbc.url=jdbc:sqlite:database.sqlite} 
02 Apr 2024 16:01:22,100 TRACE org.example.implementations.EnrollmentDBRepository 19 <init> - Enter Initializing EnrollmentRepository with properties: {jdbc.url=jdbc:sqlite:database.sqlite}
02 Apr 2024 16:02:03,027 TRACE org.example.implementations.UserDBRepository 22 <init> - Enter Initializing UserRepository with properties: {jdbc.url=jdbc:sqlite:database.sqlite}
02 Apr 2024 16:02:03,031 TRACE org.example.implementations.ChildDBRepository 19 <init> - Enter Initializing ChildDBRepository with properties: {jdbc.url=jdbc:sqlite:database.sqlite} 
02 Apr 2024 16:02:03,032 INFO  org.example.implementations.CompetitionDBRepository 24 <init> - Initializing CarsDBRepository with properties: {jdbc.url=jdbc:sqlite:database.sqlite} 
02 Apr 2024 16:02:03,033 TRACE org.example.implementations.EnrollmentDBRepository 19 <init> - Enter Initializing EnrollmentRepository with properties: {jdbc.url=jdbc:sqlite:database.sqlite}
02 Apr 2024 16:02:25,818 TRACE org.example.implementations.UserDBRepository 22 <init> - Enter Initializing UserRepository with properties: {jdbc.url=jdbc:sqlite:database.sqlite}
02 Apr 2024 16:02:25,821 TRACE org.example.implementations.ChildDBRepository 19 <init> - Enter Initializing ChildDBRepository with properties: {jdbc.url=jdbc:sqlite:database.sqlite} 
02 Apr 2024 16:02:25,823 INFO  org.example.implementations.CompetitionDBRepository 24 <init> - Initializing CarsDBRepository with properties: {jdbc.url=jdbc:sqlite:database.sqlite} 
02 Apr 2024 16:02:25,824 TRACE org.example.implementations.EnrollmentDBRepository 19 <init> - Enter Initializing EnrollmentRepository with properties: {jdbc.url=jdbc:sqlite:database.sqlite}
02 Apr 2024 16:02:48,525 TRACE org.example.implementations.UserDBRepository 22 <init> - Enter Initializing UserRepository with properties: {jdbc.url=jdbc:sqlite:database.sqlite}
02 Apr 2024 16:02:48,528 TRACE org.example.implementations.ChildDBRepository 19 <init> - Enter Initializing ChildDBRepository with properties: {jdbc.url=jdbc:sqlite:database.sqlite} 
02 Apr 2024 16:02:48,529 INFO  org.example.implementations.CompetitionDBRepository 24 <init> - Initializing CarsDBRepository with properties: {jdbc.url=jdbc:sqlite:database.sqlite} 
02 Apr 2024 16:02:48,531 TRACE org.example.implementations.EnrollmentDBRepository 19 <init> - Enter Initializing EnrollmentRepository with properties: {jdbc.url=jdbc:sqlite:database.sqlite}
02 Apr 2024 16:03:14,590 TRACE org.example.implementations.UserDBRepository 22 <init> - Enter Initializing UserRepository with properties: {jdbc.url=jdbc:sqlite:database.sqlite}
02 Apr 2024 16:03:14,593 TRACE org.example.implementations.ChildDBRepository 19 <init> - Enter Initializing ChildDBRepository with properties: {jdbc.url=jdbc:sqlite:database.sqlite} 
02 Apr 2024 16:03:14,594 INFO  org.example.implementations.CompetitionDBRepository 24 <init> - Initializing CarsDBRepository with properties: {jdbc.url=jdbc:sqlite:database.sqlite} 
02 Apr 2024 16:03:14,595 TRACE org.example.implementations.EnrollmentDBRepository 19 <init> - Enter Initializing EnrollmentRepository with properties: {jdbc.url=jdbc:sqlite:database.sqlite}
02 Apr 2024 16:04:44,182 TRACE org.example.implementations.UserDBRepository 22 <init> - Enter Initializing UserRepository with properties: {jdbc.url=jdbc:sqlite:database.sqlite}
02 Apr 2024 16:04:44,186 TRACE org.example.implementations.ChildDBRepository 19 <init> - Enter Initializing ChildDBRepository with properties: {jdbc.url=jdbc:sqlite:database.sqlite} 
02 Apr 2024 16:04:44,188 INFO  org.example.implementations.CompetitionDBRepository 24 <init> - Initializing CarsDBRepository with properties: {jdbc.url=jdbc:sqlite:database.sqlite} 
02 Apr 2024 16:04:44,189 TRACE org.example.implementations.EnrollmentDBRepository 19 <init> - Enter Initializing EnrollmentRepository with properties: {jdbc.url=jdbc:sqlite:database.sqlite}
02 Apr 2024 16:04:50,788 TRACE org.example.implementations.UserDBRepository 85 getAll - Enter Fetching all users
02 Apr 2024 16:04:50,788 TRACE org.example.JdbcUtils 46 getConnection - Enter
02 Apr 2024 16:04:50,788 TRACE org.example.JdbcUtils 23 getNewConnection - Enter
02 Apr 2024 16:04:50,789 INFO  org.example.JdbcUtils 28 getNewConnection - trying to connect to database ... jdbc:sqlite:database.sqlite
02 Apr 2024 16:04:50,789 INFO  org.example.JdbcUtils 29 getNewConnection - user: null
02 Apr 2024 16:04:50,790 INFO  org.example.JdbcUtils 30 getNewConnection - pass: null
02 Apr 2024 16:04:50,972 TRACE org.example.JdbcUtils 55 getConnection - Exit with(org.sqlite.jdbc4.JDBC4Connection@3f500af)
02 Apr 2024 16:04:50,979 TRACE org.example.implementations.UserDBRepository 95 getAll - Exit with(User: null admin root )
02 Apr 2024 16:04:50,979 TRACE org.example.implementations.UserDBRepository 111 login - Enter User found in database with username admin
02 Apr 2024 16:04:51,036 TRACE org.example.implementations.CompetitionDBRepository 80 getAll - Enter Fetching all competitions
02 Apr 2024 16:04:51,036 TRACE org.example.JdbcUtils 46 getConnection - Enter
02 Apr 2024 16:04:51,036 TRACE org.example.JdbcUtils 23 getNewConnection - Enter
02 Apr 2024 16:04:51,036 INFO  org.example.JdbcUtils 28 getNewConnection - trying to connect to database ... jdbc:sqlite:database.sqlite
02 Apr 2024 16:04:51,036 INFO  org.example.JdbcUtils 29 getNewConnection - user: null
02 Apr 2024 16:04:51,037 INFO  org.example.JdbcUtils 30 getNewConnection - pass: null
02 Apr 2024 16:04:51,038 TRACE org.example.JdbcUtils 55 getConnection - Exit with(org.sqlite.jdbc4.JDBC4Connection@3c6e3f26)
02 Apr 2024 16:04:51,041 TRACE org.example.implementations.CompetitionDBRepository 101 getAll - Found competition Competition = (lenght =50, ageGroup = Juniori, competitionID = 6)
02 Apr 2024 16:04:51,041 TRACE org.example.implementations.CompetitionDBRepository 101 getAll - Found competition Competition = (lenght =20, ageGroup = Seniori, competitionID = 7)
02 Apr 2024 16:04:51,041 TRACE org.example.implementations.CompetitionDBRepository 101 getAll - Found competition Competition = (lenght =100, ageGroup = Seniori, competitionID = 8)
02 Apr 2024 16:04:51,042 TRACE org.example.implementations.CompetitionDBRepository 107 getAll - Exit: Found 3 competitions
02 Apr 2024 16:04:51,042 TRACE org.example.JdbcUtils 46 getConnection - Enter
02 Apr 2024 16:04:51,042 TRACE org.example.JdbcUtils 23 getNewConnection - Enter
02 Apr 2024 16:04:51,042 INFO  org.example.JdbcUtils 28 getNewConnection - trying to connect to database ... jdbc:sqlite:database.sqlite
02 Apr 2024 16:04:51,042 INFO  org.example.JdbcUtils 29 getNewConnection - user: null
02 Apr 2024 16:04:51,042 INFO  org.example.JdbcUtils 30 getNewConnection - pass: null
02 Apr 2024 16:04:51,044 TRACE org.example.JdbcUtils 55 getConnection - Exit with(org.sqlite.jdbc4.JDBC4Connection@7a5dabe5)
02 Apr 2024 16:04:51,044 TRACE org.example.implementations.EnrollmentDBRepository 88 getAll - Enter Fetching all enrollments
02 Apr 2024 16:04:59,715 TRACE org.example.JdbcUtils 46 getConnection - Enter
02 Apr 2024 16:04:59,717 TRACE org.example.JdbcUtils 55 getConnection - Exit with(org.sqlite.jdbc4.JDBC4Connection@7a5dabe5)
02 Apr 2024 16:04:59,740 TRACE org.example.implementations.EnrollmentDBRepository 116 enrollChildToCompetition - Enrolled child Mara to competition 20
02 Apr 2024 16:04:59,741 TRACE org.example.JdbcUtils 46 getConnection - Enter
02 Apr 2024 16:04:59,741 TRACE org.example.JdbcUtils 55 getConnection - Exit with(org.sqlite.jdbc4.JDBC4Connection@7a5dabe5)
02 Apr 2024 16:04:59,741 TRACE org.example.implementations.EnrollmentDBRepository 88 getAll - Enter Fetching all enrollments
02 Apr 2024 16:05:02,111 TRACE org.example.JdbcUtils 46 getConnection - Enter
02 Apr 2024 16:05:02,112 TRACE org.example.JdbcUtils 55 getConnection - Exit with(org.sqlite.jdbc4.JDBC4Connection@7a5dabe5)
02 Apr 2024 16:05:02,130 TRACE org.example.implementations.EnrollmentDBRepository 116 enrollChildToCompetition - Enrolled child Mara to competition 20
02 Apr 2024 16:05:02,130 TRACE org.example.JdbcUtils 46 getConnection - Enter
02 Apr 2024 16:05:02,131 TRACE org.example.JdbcUtils 55 getConnection - Exit with(org.sqlite.jdbc4.JDBC4Connection@7a5dabe5)
02 Apr 2024 16:05:02,131 TRACE org.example.implementations.EnrollmentDBRepository 88 getAll - Enter Fetching all enrollments
02 Apr 2024 16:05:02,719 TRACE org.example.JdbcUtils 46 getConnection - Enter
02 Apr 2024 16:05:02,720 TRACE org.example.JdbcUtils 55 getConnection - Exit with(org.sqlite.jdbc4.JDBC4Connection@7a5dabe5)
02 Apr 2024 16:05:02,738 TRACE org.example.implementations.EnrollmentDBRepository 116 enrollChildToCompetition - Enrolled child Mara to competition 20
02 Apr 2024 16:05:02,738 TRACE org.example.JdbcUtils 46 getConnection - Enter
02 Apr 2024 16:05:02,739 TRACE org.example.JdbcUtils 55 getConnection - Exit with(org.sqlite.jdbc4.JDBC4Connection@7a5dabe5)
02 Apr 2024 16:05:02,739 TRACE org.example.implementations.EnrollmentDBRepository 88 getAll - Enter Fetching all enrollments
02 Apr 2024 16:05:03,402 TRACE org.example.JdbcUtils 46 getConnection - Enter
02 Apr 2024 16:05:03,404 TRACE org.example.JdbcUtils 55 getConnection - Exit with(org.sqlite.jdbc4.JDBC4Connection@7a5dabe5)
02 Apr 2024 16:05:03,421 TRACE org.example.implementations.EnrollmentDBRepository 116 enrollChildToCompetition - Enrolled child Mara to competition 20
02 Apr 2024 16:05:03,421 TRACE org.example.JdbcUtils 46 getConnection - Enter
02 Apr 2024 16:05:03,422 TRACE org.example.JdbcUtils 55 getConnection - Exit with(org.sqlite.jdbc4.JDBC4Connection@7a5dabe5)
02 Apr 2024 16:05:03,422 TRACE org.example.implementations.EnrollmentDBRepository 88 getAll - Enter Fetching all enrollments
02 Apr 2024 16:05:04,013 TRACE org.example.JdbcUtils 46 getConnection - Enter
02 Apr 2024 16:05:04,014 TRACE org.example.JdbcUtils 55 getConnection - Exit with(org.sqlite.jdbc4.JDBC4Connection@7a5dabe5)
02 Apr 2024 16:05:04,029 TRACE org.example.implementations.EnrollmentDBRepository 116 enrollChildToCompetition - Enrolled child Mara to competition 20
02 Apr 2024 16:05:04,030 TRACE org.example.JdbcUtils 46 getConnection - Enter
02 Apr 2024 16:05:04,030 TRACE org.example.JdbcUtils 55 getConnection - Exit with(org.sqlite.jdbc4.JDBC4Connection@7a5dabe5)
02 Apr 2024 16:05:04,030 TRACE org.example.implementations.EnrollmentDBRepository 88 getAll - Enter Fetching all enrollments
02 Apr 2024 16:05:28,244 TRACE org.example.implementations.UserDBRepository 22 <init> - Enter Initializing UserRepository with properties: {jdbc.url=jdbc:sqlite:database.sqlite}
02 Apr 2024 16:05:28,248 TRACE org.example.implementations.ChildDBRepository 19 <init> - Enter Initializing ChildDBRepository with properties: {jdbc.url=jdbc:sqlite:database.sqlite} 
02 Apr 2024 16:05:28,249 INFO  org.example.implementations.CompetitionDBRepository 24 <init> - Initializing CarsDBRepository with properties: {jdbc.url=jdbc:sqlite:database.sqlite} 
02 Apr 2024 16:05:28,251 TRACE org.example.implementations.EnrollmentDBRepository 19 <init> - Enter Initializing EnrollmentRepository with properties: {jdbc.url=jdbc:sqlite:database.sqlite}
02 Apr 2024 16:15:31,010 TRACE org.example.implementations.UserDBRepository 22 <init> - Enter Initializing UserRepository with properties: {jdbc.url=jdbc:sqlite:database.sqlite}
02 Apr 2024 16:15:31,013 TRACE org.example.implementations.ChildDBRepository 19 <init> - Enter Initializing ChildDBRepository with properties: {jdbc.url=jdbc:sqlite:database.sqlite} 
02 Apr 2024 16:15:31,015 INFO  org.example.implementations.CompetitionDBRepository 24 <init> - Initializing CarsDBRepository with properties: {jdbc.url=jdbc:sqlite:database.sqlite} 
02 Apr 2024 16:15:31,016 TRACE org.example.implementations.EnrollmentDBRepository 20 <init> - Enter Initializing EnrollmentRepository with properties: {jdbc.url=jdbc:sqlite:database.sqlite}
02 Apr 2024 16:15:36,034 TRACE org.example.implementations.UserDBRepository 85 getAll - Enter Fetching all users
02 Apr 2024 16:15:36,035 TRACE org.example.JdbcUtils 46 getConnection - Enter
02 Apr 2024 16:15:36,036 TRACE org.example.JdbcUtils 23 getNewConnection - Enter
02 Apr 2024 16:15:36,036 INFO  org.example.JdbcUtils 28 getNewConnection - trying to connect to database ... jdbc:sqlite:database.sqlite
02 Apr 2024 16:15:36,037 INFO  org.example.JdbcUtils 29 getNewConnection - user: null
02 Apr 2024 16:15:36,037 INFO  org.example.JdbcUtils 30 getNewConnection - pass: null
02 Apr 2024 16:15:36,221 TRACE org.example.JdbcUtils 55 getConnection - Exit with(org.sqlite.jdbc4.JDBC4Connection@345f7e9f)
02 Apr 2024 16:15:36,226 TRACE org.example.implementations.UserDBRepository 95 getAll - Exit with(User: null admin root )
02 Apr 2024 16:15:36,228 TRACE org.example.implementations.UserDBRepository 111 login - Enter User found in database with username admin
02 Apr 2024 16:15:36,266 TRACE org.example.implementations.CompetitionDBRepository 80 getAll - Enter Fetching all competitions
02 Apr 2024 16:15:36,266 TRACE org.example.JdbcUtils 46 getConnection - Enter
02 Apr 2024 16:15:36,266 TRACE org.example.JdbcUtils 23 getNewConnection - Enter
02 Apr 2024 16:15:36,266 INFO  org.example.JdbcUtils 28 getNewConnection - trying to connect to database ... jdbc:sqlite:database.sqlite
02 Apr 2024 16:15:36,266 INFO  org.example.JdbcUtils 29 getNewConnection - user: null
02 Apr 2024 16:15:36,267 INFO  org.example.JdbcUtils 30 getNewConnection - pass: null
02 Apr 2024 16:15:36,268 TRACE org.example.JdbcUtils 55 getConnection - Exit with(org.sqlite.jdbc4.JDBC4Connection@42411912)
02 Apr 2024 16:15:36,270 TRACE org.example.implementations.CompetitionDBRepository 101 getAll - Found competition Competition = (lenght =50, ageGroup = Juniori, competitionID = 6)
02 Apr 2024 16:15:36,271 TRACE org.example.implementations.CompetitionDBRepository 101 getAll - Found competition Competition = (lenght =20, ageGroup = Seniori, competitionID = 7)
02 Apr 2024 16:15:36,271 TRACE org.example.implementations.CompetitionDBRepository 101 getAll - Found competition Competition = (lenght =100, ageGroup = Seniori, competitionID = 8)
02 Apr 2024 16:15:36,271 TRACE org.example.implementations.CompetitionDBRepository 107 getAll - Exit: Found 3 competitions
02 Apr 2024 16:15:36,271 TRACE org.example.JdbcUtils 46 getConnection - Enter
02 Apr 2024 16:15:36,271 TRACE org.example.JdbcUtils 23 getNewConnection - Enter
02 Apr 2024 16:15:36,272 INFO  org.example.JdbcUtils 28 getNewConnection - trying to connect to database ... jdbc:sqlite:database.sqlite
02 Apr 2024 16:15:36,273 INFO  org.example.JdbcUtils 29 getNewConnection - user: null
02 Apr 2024 16:15:36,273 INFO  org.example.JdbcUtils 30 getNewConnection - pass: null
02 Apr 2024 16:15:36,274 TRACE org.example.JdbcUtils 55 getConnection - Exit with(org.sqlite.jdbc4.JDBC4Connection@1a18559)
02 Apr 2024 16:15:36,275 TRACE org.example.implementations.EnrollmentDBRepository 89 getAll - Enter Fetching all enrollments
02 Apr 2024 16:15:44,106 TRACE org.example.JdbcUtils 46 getConnection - Enter
02 Apr 2024 16:15:44,106 TRACE org.example.JdbcUtils 55 getConnection - Exit with(org.sqlite.jdbc4.JDBC4Connection@1a18559)
02 Apr 2024 16:15:44,106 TRACE org.example.JdbcUtils 46 getConnection - Enter
02 Apr 2024 16:15:44,107 TRACE org.example.JdbcUtils 55 getConnection - Exit with(org.sqlite.jdbc4.JDBC4Connection@1a18559)
02 Apr 2024 16:15:51,488 TRACE org.example.JdbcUtils 46 getConnection - Enter
02 Apr 2024 16:15:51,489 TRACE org.example.JdbcUtils 55 getConnection - Exit with(org.sqlite.jdbc4.JDBC4Connection@1a18559)
02 Apr 2024 16:15:51,490 TRACE org.example.JdbcUtils 46 getConnection - Enter
02 Apr 2024 16:15:51,490 TRACE org.example.JdbcUtils 55 getConnection - Exit with(org.sqlite.jdbc4.JDBC4Connection@1a18559)
02 Apr 2024 16:15:51,521 TRACE org.example.implementations.EnrollmentDBRepository 119 enrollChildToCompetition - Enrolled child Andrei to competition 50
02 Apr 2024 16:15:51,522 TRACE org.example.JdbcUtils 46 getConnection - Enter
02 Apr 2024 16:15:51,522 TRACE org.example.JdbcUtils 55 getConnection - Exit with(org.sqlite.jdbc4.JDBC4Connection@1a18559)
02 Apr 2024 16:15:51,523 TRACE org.example.implementations.EnrollmentDBRepository 89 getAll - Enter Fetching all enrollments
02 Apr 2024 16:15:54,095 TRACE org.example.JdbcUtils 46 getConnection - Enter
02 Apr 2024 16:15:54,095 TRACE org.example.JdbcUtils 55 getConnection - Exit with(org.sqlite.jdbc4.JDBC4Connection@1a18559)
02 Apr 2024 16:15:54,095 TRACE org.example.JdbcUtils 46 getConnection - Enter
02 Apr 2024 16:15:54,096 TRACE org.example.JdbcUtils 55 getConnection - Exit with(org.sqlite.jdbc4.JDBC4Connection@1a18559)
02 Apr 2024 16:15:54,113 TRACE org.example.implementations.EnrollmentDBRepository 119 enrollChildToCompetition - Enrolled child Andrei to competition 100
02 Apr 2024 16:15:54,114 TRACE org.example.JdbcUtils 46 getConnection - Enter
02 Apr 2024 16:15:54,114 TRACE org.example.JdbcUtils 55 getConnection - Exit with(org.sqlite.jdbc4.JDBC4Connection@1a18559)
02 Apr 2024 16:15:54,114 TRACE org.example.implementations.EnrollmentDBRepository 89 getAll - Enter Fetching all enrollments
02 Apr 2024 16:15:56,562 TRACE org.example.JdbcUtils 46 getConnection - Enter
02 Apr 2024 16:15:56,563 TRACE org.example.JdbcUtils 55 getConnection - Exit with(org.sqlite.jdbc4.JDBC4Connection@1a18559)
02 Apr 2024 16:15:56,564 TRACE org.example.JdbcUtils 46 getConnection - Enter
02 Apr 2024 16:15:56,564 TRACE org.example.JdbcUtils 55 getConnection - Exit with(org.sqlite.jdbc4.JDBC4Connection@1a18559)
02 Apr 2024 16:16:43,266 TRACE org.example.implementations.UserDBRepository 22 <init> - Enter Initializing UserRepository with properties: {jdbc.url=jdbc:sqlite:database.sqlite}
02 Apr 2024 16:16:43,269 TRACE org.example.implementations.ChildDBRepository 19 <init> - Enter Initializing ChildDBRepository with properties: {jdbc.url=jdbc:sqlite:database.sqlite} 
02 Apr 2024 16:16:43,270 INFO  org.example.implementations.CompetitionDBRepository 24 <init> - Initializing CarsDBRepository with properties: {jdbc.url=jdbc:sqlite:database.sqlite} 
02 Apr 2024 16:16:43,271 TRACE org.example.implementations.EnrollmentDBRepository 20 <init> - Enter Initializing EnrollmentRepository with properties: {jdbc.url=jdbc:sqlite:database.sqlite}
02 Apr 2024 16:16:48,449 TRACE org.example.implementations.UserDBRepository 85 getAll - Enter Fetching all users
02 Apr 2024 16:16:48,450 TRACE org.example.JdbcUtils 46 getConnection - Enter
02 Apr 2024 16:16:48,451 TRACE org.example.JdbcUtils 23 getNewConnection - Enter
02 Apr 2024 16:16:48,451 INFO  org.example.JdbcUtils 28 getNewConnection - trying to connect to database ... jdbc:sqlite:database.sqlite
02 Apr 2024 16:16:48,452 INFO  org.example.JdbcUtils 29 getNewConnection - user: null
02 Apr 2024 16:16:48,452 INFO  org.example.JdbcUtils 30 getNewConnection - pass: null
02 Apr 2024 16:16:48,634 TRACE org.example.JdbcUtils 55 getConnection - Exit with(org.sqlite.jdbc4.JDBC4Connection@3f500af)
02 Apr 2024 16:16:48,640 TRACE org.example.implementations.UserDBRepository 95 getAll - Exit with(User: null admin root )
02 Apr 2024 16:16:48,641 TRACE org.example.implementations.UserDBRepository 111 login - Enter User found in database with username admin
02 Apr 2024 16:16:48,686 TRACE org.example.implementations.CompetitionDBRepository 80 getAll - Enter Fetching all competitions
02 Apr 2024 16:16:48,686 TRACE org.example.JdbcUtils 46 getConnection - Enter
02 Apr 2024 16:16:48,686 TRACE org.example.JdbcUtils 23 getNewConnection - Enter
02 Apr 2024 16:16:48,686 INFO  org.example.JdbcUtils 28 getNewConnection - trying to connect to database ... jdbc:sqlite:database.sqlite
02 Apr 2024 16:16:48,687 INFO  org.example.JdbcUtils 29 getNewConnection - user: null
02 Apr 2024 16:16:48,687 INFO  org.example.JdbcUtils 30 getNewConnection - pass: null
02 Apr 2024 16:16:48,689 TRACE org.example.JdbcUtils 55 getConnection - Exit with(org.sqlite.jdbc4.JDBC4Connection@3c6e3f26)
02 Apr 2024 16:16:48,692 TRACE org.example.implementations.CompetitionDBRepository 101 getAll - Found competition Competition = (lenght =50, ageGroup = Juniori, competitionID = 6)
02 Apr 2024 16:16:48,692 TRACE org.example.implementations.CompetitionDBRepository 101 getAll - Found competition Competition = (lenght =20, ageGroup = Seniori, competitionID = 7)
02 Apr 2024 16:16:48,692 TRACE org.example.implementations.CompetitionDBRepository 101 getAll - Found competition Competition = (lenght =100, ageGroup = Seniori, competitionID = 8)
02 Apr 2024 16:16:48,693 TRACE org.example.implementations.CompetitionDBRepository 107 getAll - Exit: Found 3 competitions
02 Apr 2024 16:16:48,693 TRACE org.example.JdbcUtils 46 getConnection - Enter
02 Apr 2024 16:16:48,693 TRACE org.example.JdbcUtils 23 getNewConnection - Enter
02 Apr 2024 16:16:48,693 INFO  org.example.JdbcUtils 28 getNewConnection - trying to connect to database ... jdbc:sqlite:database.sqlite
02 Apr 2024 16:16:48,693 INFO  org.example.JdbcUtils 29 getNewConnection - user: null
02 Apr 2024 16:16:48,694 INFO  org.example.JdbcUtils 30 getNewConnection - pass: null
02 Apr 2024 16:16:48,695 TRACE org.example.JdbcUtils 55 getConnection - Exit with(org.sqlite.jdbc4.JDBC4Connection@7a5dabe5)
02 Apr 2024 16:16:48,695 TRACE org.example.implementations.EnrollmentDBRepository 89 getAll - Enter Fetching all enrollments
02 Apr 2024 16:16:57,075 TRACE org.example.JdbcUtils 46 getConnection - Enter
02 Apr 2024 16:16:57,075 TRACE org.example.JdbcUtils 55 getConnection - Exit with(org.sqlite.jdbc4.JDBC4Connection@7a5dabe5)
02 Apr 2024 16:16:57,075 TRACE org.example.JdbcUtils 46 getConnection - Enter
02 Apr 2024 16:16:57,076 TRACE org.example.JdbcUtils 55 getConnection - Exit with(org.sqlite.jdbc4.JDBC4Connection@7a5dabe5)
02 Apr 2024 16:17:00,419 TRACE org.example.JdbcUtils 46 getConnection - Enter
02 Apr 2024 16:17:00,420 TRACE org.example.JdbcUtils 55 getConnection - Exit with(org.sqlite.jdbc4.JDBC4Connection@7a5dabe5)
02 Apr 2024 16:17:00,420 TRACE org.example.JdbcUtils 46 getConnection - Enter
02 Apr 2024 16:17:00,421 TRACE org.example.JdbcUtils 55 getConnection - Exit with(org.sqlite.jdbc4.JDBC4Connection@7a5dabe5)
02 Apr 2024 16:17:08,374 TRACE org.example.JdbcUtils 46 getConnection - Enter
02 Apr 2024 16:17:08,374 TRACE org.example.JdbcUtils 55 getConnection - Exit with(org.sqlite.jdbc4.JDBC4Connection@7a5dabe5)
02 Apr 2024 16:17:08,375 TRACE org.example.JdbcUtils 46 getConnection - Enter
02 Apr 2024 16:17:08,375 TRACE org.example.JdbcUtils 55 getConnection - Exit with(org.sqlite.jdbc4.JDBC4Connection@7a5dabe5)
02 Apr 2024 16:17:12,337 TRACE org.example.JdbcUtils 46 getConnection - Enter
02 Apr 2024 16:17:12,339 TRACE org.example.JdbcUtils 55 getConnection - Exit with(org.sqlite.jdbc4.JDBC4Connection@7a5dabe5)
02 Apr 2024 16:17:12,339 TRACE org.example.JdbcUtils 46 getConnection - Enter
02 Apr 2024 16:17:12,340 TRACE org.example.JdbcUtils 55 getConnection - Exit with(org.sqlite.jdbc4.JDBC4Connection@7a5dabe5)
02 Apr 2024 16:20:35,703 TRACE org.example.implementations.UserDBRepository 22 <init> - Enter Initializing UserRepository with properties: {jdbc.url=jdbc:sqlite:database.sqlite}
02 Apr 2024 16:20:35,707 TRACE org.example.implementations.ChildDBRepository 19 <init> - Enter Initializing ChildDBRepository with properties: {jdbc.url=jdbc:sqlite:database.sqlite} 
02 Apr 2024 16:20:35,708 INFO  org.example.implementations.CompetitionDBRepository 24 <init> - Initializing CarsDBRepository with properties: {jdbc.url=jdbc:sqlite:database.sqlite} 
02 Apr 2024 16:20:35,710 TRACE org.example.implementations.EnrollmentDBRepository 20 <init> - Enter Initializing EnrollmentRepository with properties: {jdbc.url=jdbc:sqlite:database.sqlite}
02 Apr 2024 16:20:40,986 TRACE org.example.implementations.UserDBRepository 85 getAll - Enter Fetching all users
02 Apr 2024 16:20:40,987 TRACE org.example.JdbcUtils 46 getConnection - Enter
02 Apr 2024 16:20:40,988 TRACE org.example.JdbcUtils 23 getNewConnection - Enter
02 Apr 2024 16:20:40,988 INFO  org.example.JdbcUtils 28 getNewConnection - trying to connect to database ... jdbc:sqlite:database.sqlite
02 Apr 2024 16:20:40,989 INFO  org.example.JdbcUtils 29 getNewConnection - user: null
02 Apr 2024 16:20:40,990 INFO  org.example.JdbcUtils 30 getNewConnection - pass: null
02 Apr 2024 16:20:41,174 TRACE org.example.JdbcUtils 55 getConnection - Exit with(org.sqlite.jdbc4.JDBC4Connection@3f500af)
02 Apr 2024 16:20:41,179 TRACE org.example.implementations.UserDBRepository 95 getAll - Exit with(User: null admin root )
02 Apr 2024 16:20:41,179 TRACE org.example.implementations.UserDBRepository 111 login - Enter User found in database with username admin
02 Apr 2024 16:20:41,243 TRACE org.example.implementations.CompetitionDBRepository 80 getAll - Enter Fetching all competitions
02 Apr 2024 16:20:41,243 TRACE org.example.JdbcUtils 46 getConnection - Enter
02 Apr 2024 16:20:41,243 TRACE org.example.JdbcUtils 23 getNewConnection - Enter
02 Apr 2024 16:20:41,243 INFO  org.example.JdbcUtils 28 getNewConnection - trying to connect to database ... jdbc:sqlite:database.sqlite
02 Apr 2024 16:20:41,243 INFO  org.example.JdbcUtils 29 getNewConnection - user: null
02 Apr 2024 16:20:41,244 INFO  org.example.JdbcUtils 30 getNewConnection - pass: null
02 Apr 2024 16:20:41,246 TRACE org.example.JdbcUtils 55 getConnection - Exit with(org.sqlite.jdbc4.JDBC4Connection@3c6e3f26)
02 Apr 2024 16:20:41,251 TRACE org.example.implementations.CompetitionDBRepository 101 getAll - Found competition Competition = (lenght =50, ageGroup = Juniori, competitionID = 6)
02 Apr 2024 16:20:41,251 TRACE org.example.implementations.CompetitionDBRepository 101 getAll - Found competition Competition = (lenght =20, ageGroup = Seniori, competitionID = 7)
02 Apr 2024 16:20:41,251 TRACE org.example.implementations.CompetitionDBRepository 101 getAll - Found competition Competition = (lenght =100, ageGroup = Seniori, competitionID = 8)
02 Apr 2024 16:20:41,251 TRACE org.example.implementations.CompetitionDBRepository 107 getAll - Exit: Found 3 competitions
02 Apr 2024 16:20:41,252 TRACE org.example.JdbcUtils 46 getConnection - Enter
02 Apr 2024 16:20:41,252 TRACE org.example.JdbcUtils 23 getNewConnection - Enter
02 Apr 2024 16:20:41,252 INFO  org.example.JdbcUtils 28 getNewConnection - trying to connect to database ... jdbc:sqlite:database.sqlite
02 Apr 2024 16:20:41,253 INFO  org.example.JdbcUtils 29 getNewConnection - user: null
02 Apr 2024 16:20:41,253 INFO  org.example.JdbcUtils 30 getNewConnection - pass: null
02 Apr 2024 16:20:41,255 TRACE org.example.JdbcUtils 55 getConnection - Exit with(org.sqlite.jdbc4.JDBC4Connection@7a5dabe5)
02 Apr 2024 16:20:41,255 TRACE org.example.implementations.EnrollmentDBRepository 89 getAll - Enter Fetching all enrollments
02 Apr 2024 16:20:59,465 TRACE org.example.JdbcUtils 46 getConnection - Enter
02 Apr 2024 16:20:59,465 TRACE org.example.JdbcUtils 55 getConnection - Exit with(org.sqlite.jdbc4.JDBC4Connection@7a5dabe5)
02 Apr 2024 16:20:59,465 TRACE org.example.JdbcUtils 46 getConnection - Enter
02 Apr 2024 16:20:59,466 TRACE org.example.JdbcUtils 55 getConnection - Exit with(org.sqlite.jdbc4.JDBC4Connection@7a5dabe5)
02 Apr 2024 16:21:11,061 TRACE org.example.JdbcUtils 46 getConnection - Enter
02 Apr 2024 16:21:11,062 TRACE org.example.JdbcUtils 55 getConnection - Exit with(org.sqlite.jdbc4.JDBC4Connection@7a5dabe5)
02 Apr 2024 16:21:11,062 TRACE org.example.JdbcUtils 46 getConnection - Enter
02 Apr 2024 16:21:11,062 TRACE org.example.JdbcUtils 55 getConnection - Exit with(org.sqlite.jdbc4.JDBC4Connection@7a5dabe5)
